<?xml version="1.0" encoding="UTF-8"?><testsuite errors="1" failures="0" name="Choucair module jobs" skipped="0" tests="1" time="17.65" timestamp="2019-12-04 06:22:10"><testcase name="Sign up for work"><error message="The following error occurred: element click intercepted: Element &lt;a href=&quot;https://www.choucairtesting.com/job/analista-performance/&quot;&gt;...&lt;/a&gt; is not clickable at point (674, 583). Other element would receive the click: &lt;div id=&quot;cookie-law-info-bar&quot; style=&quot;background-color: rgb(255, 255, 255); color: rgb(0, 0, 0); font-family: inherit; bottom: 0px; position: fixed; display: block; overflow: hidden; height: 41.0175px; padding-top: 7.61754px; margin-top: 0px; padding-bottom: 7.61754px; margin-bottom: 0px;&quot;&gt;...&lt;/div&gt;&#10;  (Session info: chrome=78.0.3904.108)&#10;Build info: version: '3.11.0', revision: 'e59cfb3', time: '2018-03-11T20:26:55.152Z'&#10;System info: host: 'DESKTOP-T0R6D0A', ip: '192.168.56.1', os.name: 'Windows 10', os.arch: 'amd64', os.version: '10.0', java.version: '1.8.0_221'&#10;Driver info: org.openqa.selenium.remote.RemoteWebDriver&#10;Capabilities {acceptInsecureCerts: false, browserName: chrome, browserVersion: 78.0.3904.108, chrome: {chromedriverVersion: 78.0.3904.70 (edb9c9f3de024..., userDataDir: C:\Users\fsilva\AppData\Loc...}, goog:chromeOptions: {debuggerAddress: localhost:51761}, javascriptEnabled: true, networkConnectionEnabled: false, pageLoadStrategy: normal, platform: XP, platformName: XP, proxy: Proxy(), setWindowRect: true, strictFileInteractability: false, timeouts: {implicit: 0, pageLoad: 300000, script: 30000}, unhandledPromptBehavior: dismiss and notify}&#10;Session ID: 70a6888b9e58b4ec3aeeb4f941b9b6c8&#10;Build info: version: '3.11.0', revision: 'e59cfb3', time: '2018-03-11T20:26:55.152Z'&#10;System info: host: 'DESKTOP-T0R6D0A', ip: '192.168.56.1', os.name: 'Windows 10', os.arch: 'amd64', os.version: '10.0', java.version: '1.8.0_221'&#10;Driver info: driver.version: unknown" type="org.openqa.selenium.ElementClickInterceptedException">The following error occurred: element click intercepted: Element &lt;a href="https://www.choucairtesting.com/job/analista-performance/"&gt;...&lt;/a&gt; is not clickable at point (674, 583). Other element would receive the click: &lt;div id="cookie-law-info-bar" style="background-color: rgb(255, 255, 255); color: rgb(0, 0, 0); font-family: inherit; bottom: 0px; position: fixed; display: block; overflow: hidden; height: 41.0175px; padding-top: 7.61754px; margin-top: 0px; padding-bottom: 7.61754px; margin-bottom: 0px;"&gt;...&lt;/div&gt;
  (Session info: chrome=78.0.3904.108)
Build info: version: '3.11.0', revision: 'e59cfb3', time: '2018-03-11T20:26:55.152Z'
System info: host: 'DESKTOP-T0R6D0A', ip: '192.168.56.1', os.name: 'Windows 10', os.arch: 'amd64', os.version: '10.0', java.version: '1.8.0_221'
Driver info: org.openqa.selenium.remote.RemoteWebDriver
Capabilities {acceptInsecureCerts: false, browserName: chrome, browserVersion: 78.0.3904.108, chrome: {chromedriverVersion: 78.0.3904.70 (edb9c9f3de024..., userDataDir: C:\Users\fsilva\AppData\Loc...}, goog:chromeOptions: {debuggerAddress: localhost:51761}, javascriptEnabled: true, networkConnectionEnabled: false, pageLoadStrategy: normal, platform: XP, platformName: XP, proxy: Proxy(), setWindowRect: true, strictFileInteractability: false, timeouts: {implicit: 0, pageLoad: 300000, script: 30000}, unhandledPromptBehavior: dismiss and notify}
Session ID: 70a6888b9e58b4ec3aeeb4f941b9b6c8
Build info: version: '3.11.0', revision: 'e59cfb3', time: '2018-03-11T20:26:55.152Z'
System info: host: 'DESKTOP-T0R6D0A', ip: '192.168.56.1', os.name: 'Windows 10', os.arch: 'amd64', os.version: '10.0', java.version: '1.8.0_221'
Driver info: driver.version: unknown</error><system-err>The following error occurred: element click intercepted: Element &lt;a href="https://www.choucairtesting.com/job/analista-performance/"&gt;...&lt;/a&gt; is not clickable at point (674, 583). Other element would receive the click: &lt;div id="cookie-law-info-bar" style="background-color: rgb(255, 255, 255); color: rgb(0, 0, 0); font-family: inherit; bottom: 0px; position: fixed; display: block; overflow: hidden; height: 41.0175px; padding-top: 7.61754px; margin-top: 0px; padding-bottom: 7.61754px; margin-bottom: 0px;"&gt;...&lt;/div&gt;
  (Session info: chrome=78.0.3904.108)
Build info: version: '3.11.0', revision: 'e59cfb3', time: '2018-03-11T20:26:55.152Z'
System info: host: 'DESKTOP-T0R6D0A', ip: '192.168.56.1', os.name: 'Windows 10', os.arch: 'amd64', os.version: '10.0', java.version: '1.8.0_221'
Driver info: org.openqa.selenium.remote.RemoteWebDriver
Capabilities {acceptInsecureCerts: false, browserName: chrome, browserVersion: 78.0.3904.108, chrome: {chromedriverVersion: 78.0.3904.70 (edb9c9f3de024..., userDataDir: C:\Users\fsilva\AppData\Loc...}, goog:chromeOptions: {debuggerAddress: localhost:51761}, javascriptEnabled: true, networkConnectionEnabled: false, pageLoadStrategy: normal, platform: XP, platformName: XP, proxy: Proxy(), setWindowRect: true, strictFileInteractability: false, timeouts: {implicit: 0, pageLoad: 300000, script: 30000}, unhandledPromptBehavior: dismiss and notify}
Session ID: 70a6888b9e58b4ec3aeeb4f941b9b6c8
Build info: version: '3.11.0', revision: 'e59cfb3', time: '2018-03-11T20:26:55.152Z'
System info: host: 'DESKTOP-T0R6D0A', ip: '192.168.56.1', os.name: 'Windows 10', os.arch: 'amd64', os.version: '10.0', java.version: '1.8.0_221'
Driver info: driver.version: unknown&#13;
co.com.choucair.empleos.pagesobject.ChoucairJobsPageObject.openJobOffer(ChoucairJobsPageObject.java:75)&#13;
co.com.choucair.empleos.steps.ChoucairJobsStep.clickOnJobOffer(ChoucairJobsStep.java:40)&#13;
co.com.choucair.empleos.definitions.JobsStepDefinition.thatLuisWantsToJoinPerformanceWork(JobsStepDefinition.java:40)&#13;
cucumber.runner.Runner.runPickle(Runner.java:80)&#13;
</system-err></testcase></testsuite>